Copyright 1986-2018 Xilinx, Inc. All Rights Reserved.
------------------------------------------------------------------------------------
| Tool Version : Vivado v.2018.1 (win64) Build 2188600 Wed Apr  4 18:40:38 MDT 2018
| Date         : Mon Jan 14 16:10:27 2019
| Host         : L3712-07 running 64-bit major release  (build 9200)
| Command      : report_timing_summary -file timing_impl.log
| Design       : system_top
| Device       : 7z020-clg484
| Speed File   : -1  PRODUCTION 1.11 2014-09-11
------------------------------------------------------------------------------------

Timing Summary Report

------------------------------------------------------------------------------------------------
| Timer Settings
| --------------
------------------------------------------------------------------------------------------------

  Enable Multi Corner Analysis               :  Yes
  Enable Pessimism Removal                   :  Yes
  Pessimism Removal Resolution               :  Nearest Common Node
  Enable Input Delay Default Clock           :  No
  Enable Preset / Clear Arcs                 :  No
  Disable Flight Delays                      :  No
  Ignore I/O Paths                           :  No
  Timing Early Launch at Borrowing Latches   :  false

  Corner  Analyze    Analyze    
  Name    Max Paths  Min Paths  
  ------  ---------  ---------  
  Slow    Yes        Yes        
  Fast    Yes        Yes        



check_timing report

Table of Contents
-----------------
1. checking no_clock
2. checking constant_clock
3. checking pulse_width_clock
4. checking unconstrained_internal_endpoints
5. checking no_input_delay
6. checking no_output_delay
7. checking multiple_clock
8. checking generated_clocks
9. checking loops
10. checking partial_input_delay
11. checking partial_output_delay
12. checking latch_loops

1. checking no_clock
--------------------
 There are 0 register/latch pins with no clock.


2. checking constant_clock
--------------------------
 There are 0 register/latch pins with constant_clock.


3. checking pulse_width_clock
-----------------------------
 There are 0 register/latch pins which need pulse_width check


4. checking unconstrained_internal_endpoints
--------------------------------------------
 There are 0 pins that are not constrained for maximum delay.

 There are 0 pins that are not constrained for maximum delay due to constant clock.


5. checking no_input_delay
--------------------------
 There are 7 input ports with no input delay specified. (HIGH)

 There are 0 input ports with no input delay but user has a false path constraint.


6. checking no_output_delay
---------------------------
 There are 30 ports with no output delay specified. (HIGH)

 There are 0 ports with no output delay but user has a false path constraint

 There are 0 ports with no output delay but with a timing clock defined on it or propagating through it


7. checking multiple_clock
--------------------------
 There are 0 register/latch pins with multiple clocks.


8. checking generated_clocks
----------------------------
 There are 0 generated clocks that are not connected to a clock source.


9. checking loops
-----------------
 There are 0 combinational loops in the design.


10. checking partial_input_delay
--------------------------------
 There are 0 input ports with partial input delay specified.


11. checking partial_output_delay
---------------------------------
 There are 0 ports with partial output delay specified.


12. checking latch_loops
------------------------
 There are 0 combinational latch loops in the design through latch input



------------------------------------------------------------------------------------------------
| Design Timing Summary
| ---------------------
------------------------------------------------------------------------------------------------

    WNS(ns)      TNS(ns)  TNS Failing Endpoints  TNS Total Endpoints      WHS(ns)      THS(ns)  THS Failing Endpoints  THS Total Endpoints     WPWS(ns)     TPWS(ns)  TPWS Failing Endpoints  TPWS Total Endpoints  
    -------      -------  ---------------------  -------------------      -------      -------  ---------------------  -------------------     --------     --------  ----------------------  --------------------  
      0.555        0.000                      0                13104        0.022        0.000                      0                13104        1.100        0.000                       0                  5722  


All user specified timing constraints are met.


------------------------------------------------------------------------------------------------
| Clock Summary
| -------------
------------------------------------------------------------------------------------------------

Clock                                                    Waveform(ns)         Period(ns)      Frequency(MHz)
-----                                                    ------------         ----------      --------------
clk_fpga_0                                               {0.000 5.000}        10.000          100.000         
clk_fpga_1                                               {0.000 2.500}        5.000           200.000         
  mmcm_clk_0_s                                           {0.000 3.367}        6.735           148.485         
  mmcm_fb_clk_s                                          {0.000 27.500}       55.000          18.182          
i_system_wrapper/system_i/sys_audio_clkgen/inst/clk_in1  {0.000 2.500}        5.000           200.000         
  clk_out1_system_sys_audio_clkgen_0_1                   {0.000 40.690}       81.380          12.288          
  clkfbout_system_sys_audio_clkgen_0_1                   {0.000 22.500}       45.000          22.222          


------------------------------------------------------------------------------------------------
| Intra Clock Table
| -----------------
------------------------------------------------------------------------------------------------

Clock                                                        WNS(ns)      TNS(ns)  TNS Failing Endpoints  TNS Total Endpoints      WHS(ns)      THS(ns)  THS Failing Endpoints  THS Total Endpoints     WPWS(ns)     TPWS(ns)  TPWS Failing Endpoints  TPWS Total Endpoints  
-----                                                        -------      -------  ---------------------  -------------------      -------      -------  ---------------------  -------------------     --------     --------  ----------------------  --------------------  
clk_fpga_0                                                     0.940        0.000                      0                10515        0.022        0.000                      0                10515        2.501        0.000                       0                  4684  
clk_fpga_1                                                                                                                                                                                                 1.100        0.000                       0                     2  
  mmcm_clk_0_s                                                 0.555        0.000                      0                 1545        0.056        0.000                      0                 1545        2.387        0.000                       0                   996  
  mmcm_fb_clk_s                                                                                                                                                                                           45.000        0.000                       0                     3  
i_system_wrapper/system_i/sys_audio_clkgen/inst/clk_in1                                                                                                                                                    1.100        0.000                       0                     1  
  clk_out1_system_sys_audio_clkgen_0_1                        78.556        0.000                      0                   46        0.079        0.000                      0                   46       39.440        0.000                       0                    33  
  clkfbout_system_sys_audio_clkgen_0_1                                                                                                                                                                    42.845        0.000                       0                     3  


------------------------------------------------------------------------------------------------
| Inter Clock Table
| -----------------
------------------------------------------------------------------------------------------------

From Clock    To Clock          WNS(ns)      TNS(ns)  TNS Failing Endpoints  TNS Total Endpoints      WHS(ns)      THS(ns)  THS Failing Endpoints  THS Total Endpoints  
----------    --------          -------      -------  ---------------------  -------------------      -------      -------  ---------------------  -------------------  


------------------------------------------------------------------------------------------------
| Other Path Groups Table
| -----------------------
------------------------------------------------------------------------------------------------

Path Group         From Clock         To Clock               WNS(ns)      TNS(ns)  TNS Failing Endpoints  TNS Total Endpoints      WHS(ns)      THS(ns)  THS Failing Endpoints  THS Total Endpoints  
----------         ----------         --------               -------      -------  ---------------------  -------------------      -------      -------  ---------------------  -------------------  
**async_default**  clk_fpga_0         clk_fpga_0               2.525        0.000                      0                  998        0.588        0.000                      0                  998  


------------------------------------------------------------------------------------------------
| Timing Details
| --------------
------------------------------------------------------------------------------------------------


---------------------------------------------------------------------------------------------------
From Clock:  clk_fpga_0
  To Clock:  clk_fpga_0

Setup :            0  Failing Endpoints,  Worst Slack        0.940ns,  Total Violation        0.000ns
Hold  :            0  Failing Endpoints,  Worst Slack        0.022ns,  Total Violation        0.000ns
PW    :            0  Failing Endpoints,  Worst Slack        2.501ns,  Total Violation        0.000ns
---------------------------------------------------------------------------------------------------


Max Delay Paths
--------------------------------------------------------------------------------------
Slack (MET) :             0.940ns  (required time - arrival time)
  Source:                 i_system_wrapper/system_i/sys_ps7/inst/PS7_i/MAXIGP0ACLK
                            (rising edge-triggered cell PS7 clocked by clk_fpga_0  {rise@0.000ns fall@5.000ns period=10.000ns})
  Destination:            i_system_wrapper/system_i/axi_spdif_tx_core/inst/pl330_dma_gen.fifo/fifo/data_fifo_reg_0_7_0_5/RAMB_D1/I
                            (rising edge-triggered cell RAMD32 clocked by clk_fpga_0  {rise@0.000ns fall@5.000ns period=10.000ns})
  Path Group:             clk_fpga_0
  Path Type:              Setup (Max at Slow Process Corner)
  Requirement:            10.000ns  (clk_fpga_0 rise@10.000ns - clk_fpga_0 rise@0.000ns)
  Data Path Delay:        8.503ns  (logic 1.450ns (17.052%)  route 7.053ns (82.948%))
  Logic Levels:           0  
  Clock Path Skew:        -0.174ns (DCD - SCD + CPR)
    Destination Clock Delay (DCD):    2.741ns = ( 12.741 - 10.000 ) 
    Source Clock Delay      (SCD):    3.031ns
    Clock Pessimism Removal (CPR):    0.115ns
  Clock Uncertainty:      0.154ns  ((TSJ^2 + TIJ^2)^1/2 + DJ) / 2 + PE
    Total System Jitter     (TSJ):    0.071ns
    Total Input Jitter      (TIJ):    0.300ns
    Discrete Jitter          (DJ):    0.000ns
    Phase Error              (PE):    0.000ns

    Location             Delay type                Incr(ns)  Path(ns)    Netlist Resource(s)
  -------------------------------------------------------------------    -------------------
                         (clock clk_fpga_0 rise edge)
                                                      0.000     0.000 r  
    PS7_X0Y0             PS7                          0.000     0.000 r  i_system_wrapper/system_i/sys_ps7/inst/PS7_i/FCLKCLK[0]
                         net (fo=1, routed)           1.193     1.193    i_system_wrapper/system_i/sys_ps7/inst/FCLK_CLK_unbuffered[0]
    BUFGCTRL_X0Y16       BUFG (Prop_bufg_I_O)         0.101     1.294 r  i_system_wrapper/system_i/sys_ps7/inst/buffer_fclk_clk_0.FCLK_CLK_0_BUFG/O
                         net (fo=4688, routed)        1.737     3.031    i_system_wrapper/system_i/sys_ps7/inst/M_AXI_GP0_ACLK
    PS7_X0Y0             PS7                                          r  i_system_wrapper/system_i/sys_ps7/inst/PS7_i/MAXIGP0ACLK
  -------------------------------------------------------------------    -------------------
    PS7_X0Y0             PS7 (Prop_ps7_MAXIGP0ACLK_MAXIGP0WDATA[3])
                                                      1.450     4.481 r  i_system_wrapper/system_i/sys_ps7/inst/PS7_i/MAXIGP0WDATA[3]
                         net (fo=40, routed)          7.053    11.534    i_system_wrapper/system_i/axi_spdif_tx_core/inst/pl330_dma_gen.fifo/fifo/data_fifo_reg_0_7_0_5/DIB1
    SLICE_X26Y31         RAMD32                                       r  i_system_wrapper/system_i/axi_spdif_tx_core/inst/pl330_dma_gen.fifo/fifo/data_fifo_reg_0_7_0_5/RAMB_D1/I
  -------------------------------------------------------------------    -------------------

                         (clock clk_fpga_0 rise edge)
                                                     10.000    10.000 r  
    PS7_X0Y0             PS7                          0.000    10.000 r  i_system_wrapper/system_i/sys_ps7/inst/PS7_i/FCLKCLK[0]
                         net (fo=1, routed)           1.088    11.088    i_system_wrapper/system_i/sys_ps7/inst/FCLK_CLK_unbuffered[0]
    BUFGCTRL_X0Y16       BUFG (Prop_bufg_I_O)         0.091    11.179 r  i_system_wrapper/system_i/sys_ps7/inst/buffer_fclk_clk_0.FCLK_CLK_0_BUFG/O
                         net (fo=4688, routed)        1.562    12.741    i_system_wrapper/system_i/axi_spdif_tx_core/inst/pl330_dma_gen.fifo/fifo/data_fifo_reg_0_7_0_5/WCLK
    SLICE_X26Y31         RAMD32                                       r  i_system_wrapper/system_i/axi_spdif_tx_core/inst/pl330_dma_gen.fifo/fifo/data_fifo_reg_0_7_0_5/RAMB_D1/CLK
                         clock pessimism              0.115    12.856    
                         clock uncertainty           -0.154    12.702    
    SLICE_X26Y31         RAMD32 (Setup_ramd32_CLK_I)
                                                     -0.228    12.474    i_system_wrapper/system_i/axi_spdif_tx_core/inst/pl330_dma_gen.fifo/fifo/data_fifo_reg_0_7_0_5/RAMB_D1
  -------------------------------------------------------------------
                         required time                         12.474    
                         arrival time                         -11.534    
  -------------------------------------------------------------------
                         slack                                  0.940    





Min Delay Paths
--------------------------------------------------------------------------------------
Slack (MET) :             0.022ns  (arrival time - required time)
  Source:                 i_system_wrapper/system_i/axi_hdmi_interconnect/s00_couplers/auto_pc/inst/gen_axi4_axi3.axi3_conv_inst/USE_READ.USE_SPLIT_R.read_addr_inst/USE_R_CHANNEL.cmd_queue/inst/fifo_gen_inst/inst_fifo_gen/gconvfifo.rf/grf.rf/gntv_or_sync_fifo.gl0.wr/wpntr/gcc0.gc0.count_d1_reg[3]/C
                            (rising edge-triggered cell FDCE clocked by clk_fpga_0  {rise@0.000ns fall@5.000ns period=10.000ns})
  Destination:            i_system_wrapper/system_i/axi_hdmi_interconnect/s00_couplers/auto_pc/inst/gen_axi4_axi3.axi3_conv_inst/USE_READ.USE_SPLIT_R.read_addr_inst/USE_R_CHANNEL.cmd_queue/inst/fifo_gen_inst/inst_fifo_gen/gconvfifo.rf/grf.rf/gntv_or_sync_fifo.mem/gdm.dm_gen.dm/RAM_reg_0_31_0_0/DP/WADR3
                            (rising edge-triggered cell RAMD32 clocked by clk_fpga_0  {rise@0.000ns fall@5.000ns period=10.000ns})
  Path Group:             clk_fpga_0
  Path Type:              Hold (Min at Fast Process Corner)
  Requirement:            0.000ns  (clk_fpga_0 rise@0.000ns - clk_fpga_0 rise@0.000ns)
  Data Path Delay:        0.275ns  (logic 0.141ns (51.216%)  route 0.134ns (48.784%))
  Logic Levels:           0  
  Clock Path Skew:        0.013ns (DCD - SCD - CPR)
    Destination Clock Delay (DCD):    1.201ns
    Source Clock Delay      (SCD):    0.903ns
    Clock Pessimism Removal (CPR):    0.285ns

    Location             Delay type                Incr(ns)  Path(ns)    Netlist Resource(s)
  -------------------------------------------------------------------    -------------------
                         (clock clk_fpga_0 rise edge)
                                                      0.000     0.000 r  
    PS7_X0Y0             PS7                          0.000     0.000 r  i_system_wrapper/system_i/sys_ps7/inst/PS7_i/FCLKCLK[0]
                         net (fo=1, routed)           0.310     0.310    i_system_wrapper/system_i/sys_ps7/inst/FCLK_CLK_unbuffered[0]
    BUFGCTRL_X0Y16       BUFG (Prop_bufg_I_O)         0.026     0.336 r  i_system_wrapper/system_i/sys_ps7/inst/buffer_fclk_clk_0.FCLK_CLK_0_BUFG/O
                         net (fo=4688, routed)        0.567     0.903    i_system_wrapper/system_i/axi_hdmi_interconnect/s00_couplers/auto_pc/inst/gen_axi4_axi3.axi3_conv_inst/USE_READ.USE_SPLIT_R.read_addr_inst/USE_R_CHANNEL.cmd_queue/inst/fifo_gen_inst/inst_fifo_gen/gconvfifo.rf/grf.rf/gntv_or_sync_fifo.gl0.wr/wpntr/clk
    SLICE_X27Y67         FDCE                                         r  i_system_wrapper/system_i/axi_hdmi_interconnect/s00_couplers/auto_pc/inst/gen_axi4_axi3.axi3_conv_inst/USE_READ.USE_SPLIT_R.read_addr_inst/USE_R_CHANNEL.cmd_queue/inst/fifo_gen_inst/inst_fifo_gen/gconvfifo.rf/grf.rf/gntv_or_sync_fifo.gl0.wr/wpntr/gcc0.gc0.count_d1_reg[3]/C
  -------------------------------------------------------------------    -------------------
    SLICE_X27Y67         FDCE (Prop_fdce_C_Q)         0.141     1.044 r  i_system_wrapper/system_i/axi_hdmi_interconnect/s00_couplers/auto_pc/inst/gen_axi4_axi3.axi3_conv_inst/USE_READ.USE_SPLIT_R.read_addr_inst/USE_R_CHANNEL.cmd_queue/inst/fifo_gen_inst/inst_fifo_gen/gconvfifo.rf/grf.rf/gntv_or_sync_fifo.gl0.wr/wpntr/gcc0.gc0.count_d1_reg[3]/Q
                         net (fo=5, routed)           0.134     1.178    i_system_wrapper/system_i/axi_hdmi_interconnect/s00_couplers/auto_pc/inst/gen_axi4_axi3.axi3_conv_inst/USE_READ.USE_SPLIT_R.read_addr_inst/USE_R_CHANNEL.cmd_queue/inst/fifo_gen_inst/inst_fifo_gen/gconvfifo.rf/grf.rf/gntv_or_sync_fifo.mem/gdm.dm_gen.dm/RAM_reg_0_31_0_0/A3
    SLICE_X26Y67         RAMD32                                       r  i_system_wrapper/system_i/axi_hdmi_interconnect/s00_couplers/auto_pc/inst/gen_axi4_axi3.axi3_conv_inst/USE_READ.USE_SPLIT_R.read_addr_inst/USE_R_CHANNEL.cmd_queue/inst/fifo_gen_inst/inst_fifo_gen/gconvfifo.rf/grf.rf/gntv_or_sync_fifo.mem/gdm.dm_gen.dm/RAM_reg_0_31_0_0/DP/WADR3
  -------------------------------------------------------------------    -------------------

                         (clock clk_fpga_0 rise edge)
                                                      0.000     0.000 r  
    PS7_X0Y0             PS7                          0.000     0.000 r  i_system_wrapper/system_i/sys_ps7/inst/PS7_i/FCLKCLK[0]
                         net (fo=1, routed)           0.337     0.337    i_system_wrapper/system_i/sys_ps7/inst/FCLK_CLK_unbuffered[0]
    BUFGCTRL_X0Y16       BUFG (Prop_bufg_I_O)         0.029     0.366 r  i_system_wrapper/system_i/sys_ps7/inst/buffer_fclk_clk_0.FCLK_CLK_0_BUFG/O
                         net (fo=4688, routed)        0.835     1.201    i_system_wrapper/system_i/axi_hdmi_interconnect/s00_couplers/auto_pc/inst/gen_axi4_axi3.axi3_conv_inst/USE_READ.USE_SPLIT_R.read_addr_inst/USE_R_CHANNEL.cmd_queue/inst/fifo_gen_inst/inst_fifo_gen/gconvfifo.rf/grf.rf/gntv_or_sync_fifo.mem/gdm.dm_gen.dm/RAM_reg_0_31_0_0/WCLK
    SLICE_X26Y67         RAMD32                                       r  i_system_wrapper/system_i/axi_hdmi_interconnect/s00_couplers/auto_pc/inst/gen_axi4_axi3.axi3_conv_inst/USE_READ.USE_SPLIT_R.read_addr_inst/USE_R_CHANNEL.cmd_queue/inst/fifo_gen_inst/inst_fifo_gen/gconvfifo.rf/grf.rf/gntv_or_sync_fifo.mem/gdm.dm_gen.dm/RAM_reg_0_31_0_0/DP/CLK
                         clock pessimism             -0.285     0.916    
    SLICE_X26Y67         RAMD32 (Hold_ramd32_CLK_WADR3)
                                                      0.240     1.156    i_system_wrapper/system_i/axi_hdmi_interconnect/s00_couplers/auto_pc/inst/gen_axi4_axi3.axi3_conv_inst/USE_READ.USE_SPLIT_R.read_addr_inst/USE_R_CHANNEL.cmd_queue/inst/fifo_gen_inst/inst_fifo_gen/gconvfifo.rf/grf.rf/gntv_or_sync_fifo.mem/gdm.dm_gen.dm/RAM_reg_0_31_0_0/DP
  -------------------------------------------------------------------
                         required time                         -1.156    
                         arrival time                           1.178    
  -------------------------------------------------------------------
                         slack                                  0.022    





Pulse Width Checks
--------------------------------------------------------------------------------------
Clock Name:         clk_fpga_0
Waveform(ns):       { 0.000 5.000 }
Period(ns):         10.000
Sources:            { i_system_wrapper/system_i/sys_ps7/inst/PS7_i/FCLKCLK[0] }

Check Type        Corner  Lib Pin          Reference Pin  Required(ns)  Actual(ns)  Slack(ns)  Location         Pin
Min Period        n/a     MMCME2_ADV/DCLK  n/a            4.999         10.000      5.001      MMCME2_ADV_X0Y0  i_system_wrapper/system_i/axi_hdmi_clkgen/inst/i_mmcm_drp/i_mmcm/DCLK
Low Pulse Width   Slow    MMCME2_ADV/DCLK  n/a            2.500         5.000       2.501      MMCME2_ADV_X0Y0  i_system_wrapper/system_i/axi_hdmi_clkgen/inst/i_mmcm_drp/i_mmcm/DCLK
High Pulse Width  Slow    MMCME2_ADV/DCLK  n/a            2.500         5.000       2.501      MMCME2_ADV_X0Y0  i_system_wrapper/system_i/axi_hdmi_clkgen/inst/i_mmcm_drp/i_mmcm/DCLK



---------------------------------------------------------------------------------------------------
From Clock:  clk_fpga_1
  To Clock:  clk_fpga_1

Setup :           NA  Failing Endpoints,  Worst Slack           NA  ,  Total Violation           NA
Hold  :           NA  Failing Endpoints,  Worst Slack           NA  ,  Total Violation           NA
PW    :            0  Failing Endpoints,  Worst Slack        1.100ns,  Total Violation        0.000ns
---------------------------------------------------------------------------------------------------


Pulse Width Checks
--------------------------------------------------------------------------------------
Clock Name:         clk_fpga_1
Waveform(ns):       { 0.000 2.500 }
Period(ns):         5.000
Sources:            { i_system_wrapper/system_i/sys_ps7/inst/PS7_i/FCLKCLK[1] }

Check Type        Corner  Lib Pin            Reference Pin  Required(ns)  Actual(ns)  Slack(ns)  Location         Pin
Min Period        n/a     BUFG/I             n/a            2.155         5.000       2.845      BUFGCTRL_X0Y17   i_system_wrapper/system_i/sys_ps7/inst/buffer_fclk_clk_1.FCLK_CLK_1_BUFG/I
Max Period        n/a     MMCME2_ADV/CLKIN1  n/a            100.000       5.000       95.000     MMCME2_ADV_X0Y0  i_system_wrapper/system_i/axi_hdmi_clkgen/inst/i_mmcm_drp/i_mmcm/CLKIN1
Low Pulse Width   Slow    MMCME2_ADV/CLKIN1  n/a            1.400         2.500       1.100      MMCME2_ADV_X0Y0  i_system_wrapper/system_i/axi_hdmi_clkgen/inst/i_mmcm_drp/i_mmcm/CLKIN1
High Pulse Width  Fast    MMCME2_ADV/CLKIN1  n/a            1.400         2.500       1.100      MMCME2_ADV_X0Y0  i_system_wrapper/system_i/axi_hdmi_clkgen/inst/i_mmcm_drp/i_mmcm/CLKIN1



---------------------------------------------------------------------------------------------------
From Clock:  mmcm_clk_0_s
  To Clock:  mmcm_clk_0_s

Setup :            0  Failing Endpoints,  Worst Slack        0.555ns,  Total Violation        0.000ns
Hold  :            0  Failing Endpoints,  Worst Slack        0.056ns,  Total Violation        0.000ns
PW    :            0  Failing Endpoints,  Worst Slack        2.387ns,  Total Violation        0.000ns
---------------------------------------------------------------------------------------------------


Max Delay Paths
--------------------------------------------------------------------------------------
Slack (MET) :             0.555ns  (required time - arrival time)
  Source:                 i_system_wrapper/system_i/axi_hdmi_core/inst/i_up/i_hdmi_xfer_cntrl/d_data_cntrl_reg[130]/C
                            (rising edge-triggered cell FDRE clocked by mmcm_clk_0_s  {rise@0.000ns fall@3.367ns period=6.735ns})
  Destination:            i_system_wrapper/system_i/axi_hdmi_core/inst/i_tx_core/hdmi_vs_count_reg[12]/R
                            (rising edge-triggered cell FDRE clocked by mmcm_clk_0_s  {rise@0.000ns fall@3.367ns period=6.735ns})
  Path Group:             mmcm_clk_0_s
  Path Type:              Setup (Max at Slow Process Corner)
  Requirement:            6.735ns  (mmcm_clk_0_s rise@6.735ns - mmcm_clk_0_s rise@0.000ns)
  Data Path Delay:        5.479ns  (logic 2.424ns (44.241%)  route 3.055ns (55.759%))
  Logic Levels:           8  (CARRY4=5 LUT1=1 LUT2=1 LUT4=1)
  Clock Path Skew:        -0.029ns (DCD - SCD + CPR)
    Destination Clock Delay (DCD):    2.734ns = ( 9.468 - 6.735 ) 
    Source Clock Delay      (SCD):    3.028ns
    Clock Pessimism Removal (CPR):    0.265ns
  Clock Uncertainty:      0.147ns  ((TSJ^2 + DJ^2)^1/2) / 2 + PE
    Total System Jitter     (TSJ):    0.071ns
    Discrete Jitter          (DJ):    0.286ns
    Phase Error              (PE):    0.000ns

    Location             Delay type                Incr(ns)  Path(ns)    Netlist Resource(s)
  -------------------------------------------------------------------    -------------------
                         (clock mmcm_clk_0_s rise edge)
                                                      0.000     0.000 r  
    PS7_X0Y0             PS7                          0.000     0.000 r  i_system_wrapper/system_i/sys_ps7/inst/PS7_i/FCLKCLK[1]
                         net (fo=1, routed)           1.193     1.193    i_system_wrapper/system_i/sys_ps7/inst/FCLK_CLK_unbuffered[1]
    BUFGCTRL_X0Y17       BUFG (Prop_bufg_I_O)         0.101     1.294 r  i_system_wrapper/system_i/sys_ps7/inst/buffer_fclk_clk_1.FCLK_CLK_1_BUFG/O
                         net (fo=2, routed)           1.762     3.056    i_system_wrapper/system_i/axi_hdmi_clkgen/inst/i_mmcm_drp/clk
    MMCME2_ADV_X0Y0      MMCME2_ADV (Prop_mmcme2_adv_CLKIN1_CLKOUT0)
                                                     -3.715    -0.659 r  i_system_wrapper/system_i/axi_hdmi_clkgen/inst/i_mmcm_drp/i_mmcm/CLKOUT0
                         net (fo=1, routed)           1.855     1.196    i_system_wrapper/system_i/axi_hdmi_clkgen/inst/i_mmcm_drp/mmcm_clk_0_s
    BUFGCTRL_X0Y0        BUFG (Prop_bufg_I_O)         0.101     1.297 r  i_system_wrapper/system_i/axi_hdmi_clkgen/inst/i_mmcm_drp/i_clk_0_bufg/O
                         net (fo=994, routed)         1.731     3.028    i_system_wrapper/system_i/axi_hdmi_core/inst/i_up/i_hdmi_xfer_cntrl/hdmi_clk
    SLICE_X29Y20         FDRE                                         r  i_system_wrapper/system_i/axi_hdmi_core/inst/i_up/i_hdmi_xfer_cntrl/d_data_cntrl_reg[130]/C
  -------------------------------------------------------------------    -------------------
    SLICE_X29Y20         FDRE (Prop_fdre_C_Q)         0.456     3.484 f  i_system_wrapper/system_i/axi_hdmi_core/inst/i_up/i_hdmi_xfer_cntrl/d_data_cntrl_reg[130]/Q
                         net (fo=2, routed)           0.586     4.070    i_system_wrapper/system_i/axi_hdmi_core/inst/i_up/i_hdmi_xfer_cntrl/hdmi_es_data_reg[8][113]
    SLICE_X28Y18         LUT1 (Prop_lut1_I0_O)        0.124     4.194 r  i_system_wrapper/system_i/axi_hdmi_core/inst/i_up/i_hdmi_xfer_cntrl/hdmi_hl_width_s_carry_i_3/O
                         net (fo=1, routed)           0.000     4.194    i_system_wrapper/system_i/axi_hdmi_core/inst/i_tx_core/S[1]
    SLICE_X28Y18         CARRY4 (Prop_carry4_S[1]_CO[3])
                                                      0.550     4.744 r  i_system_wrapper/system_i/axi_hdmi_core/inst/i_tx_core/hdmi_hl_width_s_carry/CO[3]
                         net (fo=1, routed)           0.000     4.744    i_system_wrapper/system_i/axi_hdmi_core/inst/i_tx_core/hdmi_hl_width_s_carry_n_0
    SLICE_X28Y19         CARRY4 (Prop_carry4_CI_CO[3])
                                                      0.114     4.858 r  i_system_wrapper/system_i/axi_hdmi_core/inst/i_tx_core/hdmi_hl_width_s_carry__0/CO[3]
                         net (fo=1, routed)           0.000     4.858    i_system_wrapper/system_i/axi_hdmi_core/inst/i_tx_core/hdmi_hl_width_s_carry__0_n_0
    SLICE_X28Y20         CARRY4 (Prop_carry4_CI_CO[3])
                                                      0.114     4.972 r  i_system_wrapper/system_i/axi_hdmi_core/inst/i_tx_core/hdmi_hl_width_s_carry__1/CO[3]
                         net (fo=1, routed)           0.000     4.972    i_system_wrapper/system_i/axi_hdmi_core/inst/i_tx_core/hdmi_hl_width_s_carry__1_n_0
    SLICE_X28Y21         CARRY4 (Prop_carry4_CI_O[2])
                                                      0.239     5.211 r  i_system_wrapper/system_i/axi_hdmi_core/inst/i_tx_core/hdmi_hl_width_s_carry__2/O[2]
                         net (fo=2, routed)           0.815     6.026    i_system_wrapper/system_i/axi_hdmi_core/inst/i_tx_core/hdmi_hl_width_s[15]
    SLICE_X29Y20         LUT4 (Prop_lut4_I0_O)        0.302     6.328 r  i_system_wrapper/system_i/axi_hdmi_core/inst/i_tx_core/hdmi_hs_count0_carry__0_i_5/O
                         net (fo=1, routed)           0.000     6.328    i_system_wrapper/system_i/axi_hdmi_core/inst/i_tx_core/hdmi_hs_count0_carry__0_i_5_n_0
    SLICE_X29Y20         CARRY4 (Prop_carry4_S[3]_CO[3])
                                                      0.401     6.729 r  i_system_wrapper/system_i/axi_hdmi_core/inst/i_tx_core/hdmi_hs_count0_carry__0/CO[3]
                         net (fo=33, routed)          0.876     7.605    i_system_wrapper/system_i/axi_hdmi_core/inst/i_tx_core/hdmi_hs_count0_carry__0_n_0
    SLICE_X31Y21         LUT2 (Prop_lut2_I1_O)        0.124     7.729 r  i_system_wrapper/system_i/axi_hdmi_core/inst/i_tx_core/hdmi_vs_count[0]_i_1/O
                         net (fo=16, routed)          0.778     8.507    i_system_wrapper/system_i/axi_hdmi_core/inst/i_tx_core/hdmi_vs_count
    SLICE_X30Y24         FDRE                                         r  i_system_wrapper/system_i/axi_hdmi_core/inst/i_tx_core/hdmi_vs_count_reg[12]/R
  -------------------------------------------------------------------    -------------------

                         (clock mmcm_clk_0_s rise edge)
                                                      6.735     6.735 r  
    PS7_X0Y0             PS7                          0.000     6.735 r  i_system_wrapper/system_i/sys_ps7/inst/PS7_i/FCLKCLK[1]
                         net (fo=1, routed)           1.088     7.823    i_system_wrapper/system_i/sys_ps7/inst/FCLK_CLK_unbuffered[1]
    BUFGCTRL_X0Y17       BUFG (Prop_bufg_I_O)         0.091     7.914 r  i_system_wrapper/system_i/sys_ps7/inst/buffer_fclk_clk_1.FCLK_CLK_1_BUFG/O
                         net (fo=2, routed)           1.570     9.484    i_system_wrapper/system_i/axi_hdmi_clkgen/inst/i_mmcm_drp/clk
    MMCME2_ADV_X0Y0      MMCME2_ADV (Prop_mmcme2_adv_CLKIN1_CLKOUT0)
                                                     -3.349     6.135 r  i_system_wrapper/system_i/axi_hdmi_clkgen/inst/i_mmcm_drp/i_mmcm/CLKOUT0
                         net (fo=1, routed)           1.691     7.826    i_system_wrapper/system_i/axi_hdmi_clkgen/inst/i_mmcm_drp/mmcm_clk_0_s
    BUFGCTRL_X0Y0        BUFG (Prop_bufg_I_O)         0.091     7.917 r  i_system_wrapper/system_i/axi_hdmi_clkgen/inst/i_mmcm_drp/i_clk_0_bufg/O
                         net (fo=994, routed)         1.551     9.468    i_system_wrapper/system_i/axi_hdmi_core/inst/i_tx_core/hdmi_clk
    SLICE_X30Y24         FDRE                                         r  i_system_wrapper/system_i/axi_hdmi_core/inst/i_tx_core/hdmi_vs_count_reg[12]/C
                         clock pessimism              0.265     9.734    
                         clock uncertainty           -0.147     9.586    
    SLICE_X30Y24         FDRE (Setup_fdre_C_R)       -0.524     9.062    i_system_wrapper/system_i/axi_hdmi_core/inst/i_tx_core/hdmi_vs_count_reg[12]
  -------------------------------------------------------------------
                         required time                          9.062    
                         arrival time                          -8.507    
  -------------------------------------------------------------------
                         slack                                  0.555    





Min Delay Paths
--------------------------------------------------------------------------------------
Slack (MET) :             0.056ns  (arrival time - required time)
  Source:                 i_system_wrapper/system_i/axi_hdmi_core/inst/i_tx_core/i_ss_444to422/s422_data_reg[8]/C
                            (rising edge-triggered cell FDRE clocked by mmcm_clk_0_s  {rise@0.000ns fall@3.367ns period=6.735ns})
  Destination:            i_system_wrapper/system_i/axi_hdmi_core/inst/i_tx_core/hdmi_16_data_reg[8]/D
                            (rising edge-triggered cell FDRE clocked by mmcm_clk_0_s  {rise@0.000ns fall@3.367ns period=6.735ns})
  Path Group:             mmcm_clk_0_s
  Path Type:              Hold (Min at Fast Process Corner)
  Requirement:            0.000ns  (mmcm_clk_0_s rise@0.000ns - mmcm_clk_0_s rise@0.000ns)
  Data Path Delay:        0.381ns  (logic 0.141ns (37.052%)  route 0.240ns (62.948%))
  Logic Levels:           0  
  Clock Path Skew:        0.258ns (DCD - SCD - CPR)
    Destination Clock Delay (DCD):    1.181ns
    Source Clock Delay      (SCD):    0.888ns
    Clock Pessimism Removal (CPR):    0.035ns

    Location             Delay type                Incr(ns)  Path(ns)    Netlist Resource(s)
  -------------------------------------------------------------------    -------------------
                         (clock mmcm_clk_0_s rise edge)
                                                      0.000     0.000 r  
    PS7_X0Y0             PS7                          0.000     0.000 r  i_system_wrapper/system_i/sys_ps7/inst/PS7_i/FCLKCLK[1]
                         net (fo=1, routed)           0.310     0.310    i_system_wrapper/system_i/sys_ps7/inst/FCLK_CLK_unbuffered[1]
    BUFGCTRL_X0Y17       BUFG (Prop_bufg_I_O)         0.026     0.336 r  i_system_wrapper/system_i/sys_ps7/inst/buffer_fclk_clk_1.FCLK_CLK_1_BUFG/O
                         net (fo=2, routed)           0.580     0.916    i_system_wrapper/system_i/axi_hdmi_clkgen/inst/i_mmcm_drp/clk
    MMCME2_ADV_X0Y0      MMCME2_ADV (Prop_mmcme2_adv_CLKIN1_CLKOUT0)
                                                     -1.122    -0.206 r  i_system_wrapper/system_i/axi_hdmi_clkgen/inst/i_mmcm_drp/i_mmcm/CLKOUT0
                         net (fo=1, routed)           0.518     0.312    i_system_wrapper/system_i/axi_hdmi_clkgen/inst/i_mmcm_drp/mmcm_clk_0_s
    BUFGCTRL_X0Y0        BUFG (Prop_bufg_I_O)         0.026     0.338 r  i_system_wrapper/system_i/axi_hdmi_clkgen/inst/i_mmcm_drp/i_clk_0_bufg/O
                         net (fo=994, routed)         0.550     0.888    i_system_wrapper/system_i/axi_hdmi_core/inst/i_tx_core/i_ss_444to422/hdmi_clk
    SLICE_X47Y22         FDRE                                         r  i_system_wrapper/system_i/axi_hdmi_core/inst/i_tx_core/i_ss_444to422/s422_data_reg[8]/C
  -------------------------------------------------------------------    -------------------
    SLICE_X47Y22         FDRE (Prop_fdre_C_Q)         0.141     1.029 r  i_system_wrapper/system_i/axi_hdmi_core/inst/i_tx_core/i_ss_444to422/s422_data_reg[8]/Q
                         net (fo=1, routed)           0.240     1.268    i_system_wrapper/system_i/axi_hdmi_core/inst/i_tx_core/hdmi_ss_data_s[8]
    SLICE_X52Y19         FDRE                                         r  i_system_wrapper/system_i/axi_hdmi_core/inst/i_tx_core/hdmi_16_data_reg[8]/D
  -------------------------------------------------------------------    -------------------

                         (clock mmcm_clk_0_s rise edge)
                                                      0.000     0.000 r  
    PS7_X0Y0             PS7                          0.000     0.000 r  i_system_wrapper/system_i/sys_ps7/inst/PS7_i/FCLKCLK[1]
                         net (fo=1, routed)           0.337     0.337    i_system_wrapper/system_i/sys_ps7/inst/FCLK_CLK_unbuffered[1]
    BUFGCTRL_X0Y17       BUFG (Prop_bufg_I_O)         0.029     0.366 r  i_system_wrapper/system_i/sys_ps7/inst/buffer_fclk_clk_1.FCLK_CLK_1_BUFG/O
                         net (fo=2, routed)           0.846     1.212    i_system_wrapper/system_i/axi_hdmi_clkgen/inst/i_mmcm_drp/clk
    MMCME2_ADV_X0Y0      MMCME2_ADV (Prop_mmcme2_adv_CLKIN1_CLKOUT0)
                                                     -1.437    -0.225 r  i_system_wrapper/system_i/axi_hdmi_clkgen/inst/i_mmcm_drp/i_mmcm/CLKOUT0
                         net (fo=1, routed)           0.564     0.339    i_system_wrapper/system_i/axi_hdmi_clkgen/inst/i_mmcm_drp/mmcm_clk_0_s
    BUFGCTRL_X0Y0        BUFG (Prop_bufg_I_O)         0.029     0.368 r  i_system_wrapper/system_i/axi_hdmi_clkgen/inst/i_mmcm_drp/i_clk_0_bufg/O
                         net (fo=994, routed)         0.813     1.181    i_system_wrapper/system_i/axi_hdmi_core/inst/i_tx_core/hdmi_clk
    SLICE_X52Y19         FDRE                                         r  i_system_wrapper/system_i/axi_hdmi_core/inst/i_tx_core/hdmi_16_data_reg[8]/C
                         clock pessimism             -0.035     1.146    
    SLICE_X52Y19         FDRE (Hold_fdre_C_D)         0.066     1.212    i_system_wrapper/system_i/axi_hdmi_core/inst/i_tx_core/hdmi_16_data_reg[8]
  -------------------------------------------------------------------
                         required time                         -1.212    
                         arrival time                           1.268    
  -------------------------------------------------------------------
                         slack                                  0.056    





Pulse Width Checks
--------------------------------------------------------------------------------------
Clock Name:         mmcm_clk_0_s
Waveform(ns):       { 0.000 3.367 }
Period(ns):         6.735
Sources:            { i_system_wrapper/system_i/axi_hdmi_clkgen/inst/i_mmcm_drp/i_mmcm/CLKOUT0 }

Check Type        Corner  Lib Pin             Reference Pin  Required(ns)  Actual(ns)  Slack(ns)  Location         Pin
Min Period        n/a     RAMB36E1/CLKARDCLK  n/a            2.576         6.735       4.159      RAMB36_X0Y5      i_system_wrapper/system_i/axi_hdmi_core/inst/i_tx_core/i_mem/m_ram_reg/CLKARDCLK
Max Period        n/a     MMCME2_ADV/CLKOUT0  n/a            213.360       6.735       206.625    MMCME2_ADV_X0Y0  i_system_wrapper/system_i/axi_hdmi_clkgen/inst/i_mmcm_drp/i_mmcm/CLKOUT0
Low Pulse Width   Slow    SRL16E/CLK          n/a            0.980         3.367       2.387      SLICE_X30Y17     i_system_wrapper/system_i/axi_hdmi_core/inst/i_tx_core/i_csc_RGB2CrYCb/i_csc_1_Cr/i_mul_c2/p2_sign_reg_srl2/CLK
High Pulse Width  Fast    SRL16E/CLK          n/a            0.980         3.367       2.387      SLICE_X30Y17     i_system_wrapper/system_i/axi_hdmi_core/inst/i_tx_core/i_csc_RGB2CrYCb/i_csc_1_Cr/i_mul_c2/p2_sign_reg_srl2/CLK



---------------------------------------------------------------------------------------------------
From Clock:  mmcm_fb_clk_s
  To Clock:  mmcm_fb_clk_s

Setup :           NA  Failing Endpoints,  Worst Slack           NA  ,  Total Violation           NA
Hold  :           NA  Failing Endpoints,  Worst Slack           NA  ,  Total Violation           NA
PW    :            0  Failing Endpoints,  Worst Slack       45.000ns,  Total Violation        0.000ns
---------------------------------------------------------------------------------------------------


Pulse Width Checks
--------------------------------------------------------------------------------------
Clock Name:         mmcm_fb_clk_s
Waveform(ns):       { 0.000 27.500 }
Period(ns):         55.000
Sources:            { i_system_wrapper/system_i/axi_hdmi_clkgen/inst/i_mmcm_drp/i_mmcm/CLKFBOUT }

Check Type  Corner  Lib Pin             Reference Pin  Required(ns)  Actual(ns)  Slack(ns)  Location         Pin
Min Period  n/a     BUFG/I              n/a            2.155         55.000      52.845     BUFGCTRL_X0Y2    i_system_wrapper/system_i/axi_hdmi_clkgen/inst/i_mmcm_drp/i_fb_clk_bufg/I
Max Period  n/a     MMCME2_ADV/CLKFBIN  n/a            100.000       55.000      45.000     MMCME2_ADV_X0Y0  i_system_wrapper/system_i/axi_hdmi_clkgen/inst/i_mmcm_drp/i_mmcm/CLKFBIN



---------------------------------------------------------------------------------------------------
From Clock:  i_system_wrapper/system_i/sys_audio_clkgen/inst/clk_in1
  To Clock:  i_system_wrapper/system_i/sys_audio_clkgen/inst/clk_in1

Setup :           NA  Failing Endpoints,  Worst Slack           NA  ,  Total Violation           NA
Hold  :           NA  Failing Endpoints,  Worst Slack           NA  ,  Total Violation           NA
PW    :            0  Failing Endpoints,  Worst Slack        1.100ns,  Total Violation        0.000ns
---------------------------------------------------------------------------------------------------


Pulse Width Checks
--------------------------------------------------------------------------------------
Clock Name:         i_system_wrapper/system_i/sys_audio_clkgen/inst/clk_in1
Waveform(ns):       { 0.000 2.500 }
Period(ns):         5.000
Sources:            { i_system_wrapper/system_i/sys_audio_clkgen/inst/clk_in1 }

Check Type        Corner  Lib Pin            Reference Pin  Required(ns)  Actual(ns)  Slack(ns)  Location         Pin
Min Period        n/a     MMCME2_ADV/CLKIN1  n/a            1.249         5.000       3.751      MMCME2_ADV_X1Y0  i_system_wrapper/system_i/sys_audio_clkgen/inst/mmcm_adv_inst/CLKIN1
Max Period        n/a     MMCME2_ADV/CLKIN1  n/a            100.000       5.000       95.000     MMCME2_ADV_X1Y0  i_system_wrapper/system_i/sys_audio_clkgen/inst/mmcm_adv_inst/CLKIN1
Low Pulse Width   Slow    MMCME2_ADV/CLKIN1  n/a            1.400         2.500       1.100      MMCME2_ADV_X1Y0  i_system_wrapper/system_i/sys_audio_clkgen/inst/mmcm_adv_inst/CLKIN1
High Pulse Width  Slow    MMCME2_ADV/CLKIN1  n/a            1.400         2.500       1.100      MMCME2_ADV_X1Y0  i_system_wrapper/system_i/sys_audio_clkgen/inst/mmcm_adv_inst/CLKIN1



---------------------------------------------------------------------------------------------------
From Clock:  clk_out1_system_sys_audio_clkgen_0_1
  To Clock:  clk_out1_system_sys_audio_clkgen_0_1

Setup :            0  Failing Endpoints,  Worst Slack       78.556ns,  Total Violation        0.000ns
Hold  :            0  Failing Endpoints,  Worst Slack        0.079ns,  Total Violation        0.000ns
PW    :            0  Failing Endpoints,  Worst Slack       39.440ns,  Total Violation        0.000ns
---------------------------------------------------------------------------------------------------


Max Delay Paths
--------------------------------------------------------------------------------------
Slack (MET) :             78.556ns  (required time - arrival time)
  Source:                 i_system_wrapper/system_i/axi_i2s_adi/U0/ctrl/tx_sync/rd_addr_reg[1]/C
                            (rising edge-triggered cell FDRE clocked by clk_out1_system_sys_audio_clkgen_0_1  {rise@0.000ns fall@40.690ns period=81.380ns})
  Destination:            i_system_wrapper/system_i/axi_i2s_adi/U0/ctrl/tx_sync/out_data_reg[2]/D
                            (rising edge-triggered cell FDRE clocked by clk_out1_system_sys_audio_clkgen_0_1  {rise@0.000ns fall@40.690ns period=81.380ns})
  Path Group:             clk_out1_system_sys_audio_clkgen_0_1
  Path Type:              Setup (Max at Slow Process Corner)
  Requirement:            81.380ns  (clk_out1_system_sys_audio_clkgen_0_1 rise@81.380ns - clk_out1_system_sys_audio_clkgen_0_1 rise@0.000ns)
  Data Path Delay:        2.379ns  (logic 0.801ns (33.669%)  route 1.578ns (66.331%))
  Logic Levels:           1  (RAMD32=1)
  Clock Path Skew:        -0.025ns (DCD - SCD + CPR)
    Destination Clock Delay (DCD):    1.654ns = ( 83.035 - 81.380 ) 
    Source Clock Delay      (SCD):    1.833ns
    Clock Pessimism Removal (CPR):    0.154ns
  Clock Uncertainty:      0.168ns  ((TSJ^2 + DJ^2)^1/2) / 2 + PE
    Total System Jitter     (TSJ):    0.071ns
    Discrete Jitter          (DJ):    0.328ns
    Phase Error              (PE):    0.000ns

    Location             Delay type                Incr(ns)  Path(ns)    Netlist Resource(s)
  -------------------------------------------------------------------    -------------------
                         (clock clk_out1_system_sys_audio_clkgen_0_1 rise edge)
                                                      0.000     0.000 r  
    BUFGCTRL_X0Y17       BUFG                         0.000     0.000 r  i_system_wrapper/system_i/sys_ps7/inst/buffer_fclk_clk_1.FCLK_CLK_1_BUFG/O
                         net (fo=2, routed)           1.806     1.806    i_system_wrapper/system_i/sys_audio_clkgen/inst/clk_in1
    MMCME2_ADV_X1Y0      MMCME2_ADV (Prop_mmcme2_adv_CLKIN1_CLKOUT0)
                                                     -3.793    -1.987 r  i_system_wrapper/system_i/sys_audio_clkgen/inst/mmcm_adv_inst/CLKOUT0
                         net (fo=1, routed)           1.889    -0.098    i_system_wrapper/system_i/sys_audio_clkgen/inst/clk_out1_system_sys_audio_clkgen_0
    BUFGCTRL_X0Y1        BUFG (Prop_bufg_I_O)         0.101     0.003 r  i_system_wrapper/system_i/sys_audio_clkgen/inst/clkout1_buf/O
                         net (fo=32, routed)          1.830     1.833    i_system_wrapper/system_i/axi_i2s_adi/U0/ctrl/tx_sync/DATA_CLK_I
    SLICE_X2Y36          FDRE                                         r  i_system_wrapper/system_i/axi_i2s_adi/U0/ctrl/tx_sync/rd_addr_reg[1]/C
  -------------------------------------------------------------------    -------------------
    SLICE_X2Y36          FDRE (Prop_fdre_C_Q)         0.478     2.311 r  i_system_wrapper/system_i/axi_i2s_adi/U0/ctrl/tx_sync/rd_addr_reg[1]/Q
                         net (fo=7, routed)           1.235     3.546    i_system_wrapper/system_i/axi_i2s_adi/U0/ctrl/tx_sync/fifo_reg_0_3_0_4/ADDRB1
    SLICE_X4Y35          RAMD32 (Prop_ramd32_RADR1_O)
                                                      0.323     3.869 r  i_system_wrapper/system_i/axi_i2s_adi/U0/ctrl/tx_sync/fifo_reg_0_3_0_4/RAMB/O
                         net (fo=1, routed)           0.344     4.212    i_system_wrapper/system_i/axi_i2s_adi/U0/ctrl/tx_sync/out_data0[2]
    SLICE_X2Y35          FDRE                                         r  i_system_wrapper/system_i/axi_i2s_adi/U0/ctrl/tx_sync/out_data_reg[2]/D
  -------------------------------------------------------------------    -------------------

                         (clock clk_out1_system_sys_audio_clkgen_0_1 rise edge)
                                                     81.380    81.380 r  
    BUFGCTRL_X0Y17       BUFG                         0.000    81.380 r  i_system_wrapper/system_i/sys_ps7/inst/buffer_fclk_clk_1.FCLK_CLK_1_BUFG/O
                         net (fo=2, routed)           1.612    82.993    i_system_wrapper/system_i/sys_audio_clkgen/inst/clk_in1
    MMCME2_ADV_X1Y0      MMCME2_ADV (Prop_mmcme2_adv_CLKIN1_CLKOUT0)
                                                     -3.425    79.567 r  i_system_wrapper/system_i/sys_audio_clkgen/inst/mmcm_adv_inst/CLKOUT0
                         net (fo=1, routed)           1.725    81.292    i_system_wrapper/system_i/sys_audio_clkgen/inst/clk_out1_system_sys_audio_clkgen_0
    BUFGCTRL_X0Y1        BUFG (Prop_bufg_I_O)         0.091    81.383 r  i_system_wrapper/system_i/sys_audio_clkgen/inst/clkout1_buf/O
                         net (fo=32, routed)          1.651    83.035    i_system_wrapper/system_i/axi_i2s_adi/U0/ctrl/tx_sync/DATA_CLK_I
    SLICE_X2Y35          FDRE                                         r  i_system_wrapper/system_i/axi_i2s_adi/U0/ctrl/tx_sync/out_data_reg[2]/C
                         clock pessimism              0.154    83.188    
                         clock uncertainty           -0.168    83.021    
    SLICE_X2Y35          FDRE (Setup_fdre_C_D)       -0.252    82.769    i_system_wrapper/system_i/axi_i2s_adi/U0/ctrl/tx_sync/out_data_reg[2]
  -------------------------------------------------------------------
                         required time                         82.769    
                         arrival time                          -4.212    
  -------------------------------------------------------------------
                         slack                                 78.556    





Min Delay Paths
--------------------------------------------------------------------------------------
Slack (MET) :             0.079ns  (arrival time - required time)
  Source:                 i_system_wrapper/system_i/axi_i2s_adi/U0/ctrl/rx_sync_fifo_in_reg[0]/C
                            (rising edge-triggered cell FDRE clocked by clk_out1_system_sys_audio_clkgen_0_1  {rise@0.000ns fall@40.690ns period=81.380ns})
  Destination:            i_system_wrapper/system_i/axi_i2s_adi/U0/ctrl/rx_gen.rx_sync/fifo_reg_0_3_0_4/RAMA/I
                            (rising edge-triggered cell RAMD32 clocked by clk_out1_system_sys_audio_clkgen_0_1  {rise@0.000ns fall@40.690ns period=81.380ns})
  Path Group:             clk_out1_system_sys_audio_clkgen_0_1
  Path Type:              Hold (Min at Fast Process Corner)
  Requirement:            0.000ns  (clk_out1_system_sys_audio_clkgen_0_1 rise@0.000ns - clk_out1_system_sys_audio_clkgen_0_1 rise@0.000ns)
  Data Path Delay:        0.240ns  (logic 0.141ns (58.691%)  route 0.099ns (41.309%))
  Logic Levels:           0  
  Clock Path Skew:        0.014ns (DCD - SCD - CPR)
    Destination Clock Delay (DCD):    0.889ns
    Source Clock Delay      (SCD):    0.621ns
    Clock Pessimism Removal (CPR):    0.254ns

    Location             Delay type                Incr(ns)  Path(ns)    Netlist Resource(s)
  -------------------------------------------------------------------    -------------------
                         (clock clk_out1_system_sys_audio_clkgen_0_1 rise edge)
                                                      0.000     0.000 r  
    BUFGCTRL_X0Y17       BUFG                         0.000     0.000 r  i_system_wrapper/system_i/sys_ps7/inst/buffer_fclk_clk_1.FCLK_CLK_1_BUFG/O
                         net (fo=2, routed)           0.597     0.597    i_system_wrapper/system_i/sys_audio_clkgen/inst/clk_in1
    MMCME2_ADV_X1Y0      MMCME2_ADV (Prop_mmcme2_adv_CLKIN1_CLKOUT0)
                                                     -1.150    -0.553 r  i_system_wrapper/system_i/sys_audio_clkgen/inst/mmcm_adv_inst/CLKOUT0
                         net (fo=1, routed)           0.529    -0.024    i_system_wrapper/system_i/sys_audio_clkgen/inst/clk_out1_system_sys_audio_clkgen_0
    BUFGCTRL_X0Y1        BUFG (Prop_bufg_I_O)         0.026     0.002 r  i_system_wrapper/system_i/sys_audio_clkgen/inst/clkout1_buf/O
                         net (fo=32, routed)          0.619     0.621    i_system_wrapper/system_i/axi_i2s_adi/U0/ctrl/DATA_CLK_I
    SLICE_X1Y35          FDRE                                         r  i_system_wrapper/system_i/axi_i2s_adi/U0/ctrl/rx_sync_fifo_in_reg[0]/C
  -------------------------------------------------------------------    -------------------
    SLICE_X1Y35          FDRE (Prop_fdre_C_Q)         0.141     0.762 r  i_system_wrapper/system_i/axi_i2s_adi/U0/ctrl/rx_sync_fifo_in_reg[0]/Q
                         net (fo=1, routed)           0.099     0.861    i_system_wrapper/system_i/axi_i2s_adi/U0/ctrl/rx_gen.rx_sync/fifo_reg_0_3_0_4/DIA0
    SLICE_X2Y34          RAMD32                                       r  i_system_wrapper/system_i/axi_i2s_adi/U0/ctrl/rx_gen.rx_sync/fifo_reg_0_3_0_4/RAMA/I
  -------------------------------------------------------------------    -------------------

                         (clock clk_out1_system_sys_audio_clkgen_0_1 rise edge)
                                                      0.000     0.000 r  
    BUFGCTRL_X0Y17       BUFG                         0.000     0.000 r  i_system_wrapper/system_i/sys_ps7/inst/buffer_fclk_clk_1.FCLK_CLK_1_BUFG/O
                         net (fo=2, routed)           0.864     0.864    i_system_wrapper/system_i/sys_audio_clkgen/inst/clk_in1
    MMCME2_ADV_X1Y0      MMCME2_ADV (Prop_mmcme2_adv_CLKIN1_CLKOUT0)
                                                     -1.467    -0.603 r  i_system_wrapper/system_i/sys_audio_clkgen/inst/mmcm_adv_inst/CLKOUT0
                         net (fo=1, routed)           0.576    -0.027    i_system_wrapper/system_i/sys_audio_clkgen/inst/clk_out1_system_sys_audio_clkgen_0
    BUFGCTRL_X0Y1        BUFG (Prop_bufg_I_O)         0.029     0.002 r  i_system_wrapper/system_i/sys_audio_clkgen/inst/clkout1_buf/O
                         net (fo=32, routed)          0.887     0.889    i_system_wrapper/system_i/axi_i2s_adi/U0/ctrl/rx_gen.rx_sync/fifo_reg_0_3_0_4/WCLK
    SLICE_X2Y34          RAMD32                                       r  i_system_wrapper/system_i/axi_i2s_adi/U0/ctrl/rx_gen.rx_sync/fifo_reg_0_3_0_4/RAMA/CLK
                         clock pessimism             -0.254     0.635    
    SLICE_X2Y34          RAMD32 (Hold_ramd32_CLK_I)
                                                      0.147     0.782    i_system_wrapper/system_i/axi_i2s_adi/U0/ctrl/rx_gen.rx_sync/fifo_reg_0_3_0_4/RAMA
  -------------------------------------------------------------------
                         required time                         -0.782    
                         arrival time                           0.861    
  -------------------------------------------------------------------
                         slack                                  0.079    





Pulse Width Checks
--------------------------------------------------------------------------------------
Clock Name:         clk_out1_system_sys_audio_clkgen_0_1
Waveform(ns):       { 0.000 40.690 }
Period(ns):         81.380
Sources:            { i_system_wrapper/system_i/sys_audio_clkgen/inst/mmcm_adv_inst/CLKOUT0 }

Check Type        Corner  Lib Pin             Reference Pin  Required(ns)  Actual(ns)  Slack(ns)  Location         Pin
Min Period        n/a     BUFG/I              n/a            2.155         81.380      79.225     BUFGCTRL_X0Y1    i_system_wrapper/system_i/sys_audio_clkgen/inst/clkout1_buf/I
Max Period        n/a     MMCME2_ADV/CLKOUT0  n/a            213.360       81.380      131.980    MMCME2_ADV_X1Y0  i_system_wrapper/system_i/sys_audio_clkgen/inst/mmcm_adv_inst/CLKOUT0
Low Pulse Width   Slow    RAMD32/CLK          n/a            1.250         40.690      39.440     SLICE_X2Y34      i_system_wrapper/system_i/axi_i2s_adi/U0/ctrl/rx_gen.rx_sync/fifo_reg_0_3_0_4/RAMA/CLK
High Pulse Width  Slow    RAMD32/CLK          n/a            1.250         40.690      39.440     SLICE_X2Y34      i_system_wrapper/system_i/axi_i2s_adi/U0/ctrl/rx_gen.rx_sync/fifo_reg_0_3_0_4/RAMA/CLK



---------------------------------------------------------------------------------------------------
From Clock:  clkfbout_system_sys_audio_clkgen_0_1
  To Clock:  clkfbout_system_sys_audio_clkgen_0_1

Setup :           NA  Failing Endpoints,  Worst Slack           NA  ,  Total Violation           NA
Hold  :           NA  Failing Endpoints,  Worst Slack           NA  ,  Total Violation           NA
PW    :            0  Failing Endpoints,  Worst Slack       42.845ns,  Total Violation        0.000ns
---------------------------------------------------------------------------------------------------


Pulse Width Checks
--------------------------------------------------------------------------------------
Clock Name:         clkfbout_system_sys_audio_clkgen_0_1
Waveform(ns):       { 0.000 22.500 }
Period(ns):         45.000
Sources:            { i_system_wrapper/system_i/sys_audio_clkgen/inst/mmcm_adv_inst/CLKFBOUT }

Check Type  Corner  Lib Pin             Reference Pin  Required(ns)  Actual(ns)  Slack(ns)  Location         Pin
Min Period  n/a     BUFG/I              n/a            2.155         45.000      42.845     BUFGCTRL_X0Y3    i_system_wrapper/system_i/sys_audio_clkgen/inst/clkf_buf/I
Max Period  n/a     MMCME2_ADV/CLKFBIN  n/a            100.000       45.000      55.000     MMCME2_ADV_X1Y0  i_system_wrapper/system_i/sys_audio_clkgen/inst/mmcm_adv_inst/CLKFBIN



---------------------------------------------------------------------------------------------------
Path Group:  **async_default**
From Clock:  clk_fpga_0
  To Clock:  clk_fpga_0

Setup :            0  Failing Endpoints,  Worst Slack        2.525ns,  Total Violation        0.000ns
Hold  :            0  Failing Endpoints,  Worst Slack        0.588ns,  Total Violation        0.000ns
---------------------------------------------------------------------------------------------------


Max Delay Paths
--------------------------------------------------------------------------------------
Slack (MET) :             2.525ns  (required time - arrival time)
  Source:                 i_system_wrapper/system_i/sys_rstgen/U0/ACTIVE_LOW_PR_OUT_DFF[0].FDRE_PER_N/C
                            (rising edge-triggered cell FDRE clocked by clk_fpga_0  {rise@0.000ns fall@5.000ns period=10.000ns})
  Destination:            i_system_wrapper/system_i/axi_hdmi_core/inst/i_up/i_hdmi_xfer_cntrl/up_xfer_data_reg[125]/CLR
                            (recovery check against rising-edge clock clk_fpga_0  {rise@0.000ns fall@5.000ns period=10.000ns})
  Path Group:             **async_default**
  Path Type:              Recovery (Max at Slow Process Corner)
  Requirement:            10.000ns  (clk_fpga_0 rise@10.000ns - clk_fpga_0 rise@0.000ns)
  Data Path Delay:        6.829ns  (logic 0.580ns (8.493%)  route 6.249ns (91.507%))
  Logic Levels:           1  (LUT1=1)
  Clock Path Skew:        -0.087ns (DCD - SCD + CPR)
    Destination Clock Delay (DCD):    2.733ns = ( 12.733 - 10.000 ) 
    Source Clock Delay      (SCD):    2.935ns
    Clock Pessimism Removal (CPR):    0.115ns
  Clock Uncertainty:      0.154ns  ((TSJ^2 + TIJ^2)^1/2 + DJ) / 2 + PE
    Total System Jitter     (TSJ):    0.071ns
    Total Input Jitter      (TIJ):    0.300ns
    Discrete Jitter          (DJ):    0.000ns
    Phase Error              (PE):    0.000ns

    Location             Delay type                Incr(ns)  Path(ns)    Netlist Resource(s)
  -------------------------------------------------------------------    -------------------
                         (clock clk_fpga_0 rise edge)
                                                      0.000     0.000 r  
    PS7_X0Y0             PS7                          0.000     0.000 r  i_system_wrapper/system_i/sys_ps7/inst/PS7_i/FCLKCLK[0]
                         net (fo=1, routed)           1.193     1.193    i_system_wrapper/system_i/sys_ps7/inst/FCLK_CLK_unbuffered[0]
    BUFGCTRL_X0Y16       BUFG (Prop_bufg_I_O)         0.101     1.294 r  i_system_wrapper/system_i/sys_ps7/inst/buffer_fclk_clk_0.FCLK_CLK_0_BUFG/O
                         net (fo=4688, routed)        1.641     2.935    i_system_wrapper/system_i/sys_rstgen/U0/slowest_sync_clk
    SLICE_X33Y81         FDRE                                         r  i_system_wrapper/system_i/sys_rstgen/U0/ACTIVE_LOW_PR_OUT_DFF[0].FDRE_PER_N/C
  -------------------------------------------------------------------    -------------------
    SLICE_X33Y81         FDRE (Prop_fdre_C_Q)         0.456     3.391 r  i_system_wrapper/system_i/sys_rstgen/U0/ACTIVE_LOW_PR_OUT_DFF[0].FDRE_PER_N/Q
                         net (fo=87, routed)          4.498     7.889    i_system_wrapper/system_i/axi_hdmi_core/inst/i_up/i_hdmi_xfer_cntrl/s_axi_aresetn
    SLICE_X16Y17         LUT1 (Prop_lut1_I0_O)        0.124     8.013 f  i_system_wrapper/system_i/axi_hdmi_core/inst/i_up/i_hdmi_xfer_cntrl/up_wdata[31]_i_2/O
                         net (fo=110, routed)         1.751     9.764    i_system_wrapper/system_i/axi_hdmi_core/inst/i_up/i_hdmi_xfer_cntrl/up_xfer_data_reg[143]_0
    SLICE_X31Y25         FDCE                                         f  i_system_wrapper/system_i/axi_hdmi_core/inst/i_up/i_hdmi_xfer_cntrl/up_xfer_data_reg[125]/CLR
  -------------------------------------------------------------------    -------------------

                         (clock clk_fpga_0 rise edge)
                                                     10.000    10.000 r  
    PS7_X0Y0             PS7                          0.000    10.000 r  i_system_wrapper/system_i/sys_ps7/inst/PS7_i/FCLKCLK[0]
                         net (fo=1, routed)           1.088    11.088    i_system_wrapper/system_i/sys_ps7/inst/FCLK_CLK_unbuffered[0]
    BUFGCTRL_X0Y16       BUFG (Prop_bufg_I_O)         0.091    11.179 r  i_system_wrapper/system_i/sys_ps7/inst/buffer_fclk_clk_0.FCLK_CLK_0_BUFG/O
                         net (fo=4688, routed)        1.554    12.733    i_system_wrapper/system_i/axi_hdmi_core/inst/i_up/i_hdmi_xfer_cntrl/s_axi_aclk
    SLICE_X31Y25         FDCE                                         r  i_system_wrapper/system_i/axi_hdmi_core/inst/i_up/i_hdmi_xfer_cntrl/up_xfer_data_reg[125]/C
                         clock pessimism              0.115    12.848    
                         clock uncertainty           -0.154    12.694    
    SLICE_X31Y25         FDCE (Recov_fdce_C_CLR)     -0.405    12.289    i_system_wrapper/system_i/axi_hdmi_core/inst/i_up/i_hdmi_xfer_cntrl/up_xfer_data_reg[125]
  -------------------------------------------------------------------
                         required time                         12.289    
                         arrival time                          -9.764    
  -------------------------------------------------------------------
                         slack                                  2.525    





Min Delay Paths
--------------------------------------------------------------------------------------
Slack (MET) :             0.588ns  (arrival time - required time)
  Source:                 i_system_wrapper/system_i/axi_hdmi_interconnect/s00_couplers/auto_pc/inst/gen_axi4_axi3.axi3_conv_inst/USE_READ.USE_SPLIT_R.read_addr_inst/USE_R_CHANNEL.cmd_queue/inst/fifo_gen_inst/inst_fifo_gen/gconvfifo.rf/grf.rf/rstblk/ngwrdrst.grst.g7serrst.gnsckt_wrst.rst_wr_reg2_inst/arststages_ff_reg[1]/C
                            (rising edge-triggered cell FDPE clocked by clk_fpga_0  {rise@0.000ns fall@5.000ns period=10.000ns})
  Destination:            i_system_wrapper/system_i/axi_hdmi_interconnect/s00_couplers/auto_pc/inst/gen_axi4_axi3.axi3_conv_inst/USE_READ.USE_SPLIT_R.read_addr_inst/USE_R_CHANNEL.cmd_queue/inst/fifo_gen_inst/inst_fifo_gen/gconvfifo.rf/grf.rf/gntv_or_sync_fifo.gl0.rd/rpntr/gc0.count_d1_reg[1]/CLR
                            (removal check against rising-edge clock clk_fpga_0  {rise@0.000ns fall@5.000ns period=10.000ns})
  Path Group:             **async_default**
  Path Type:              Removal (Min at Fast Process Corner)
  Requirement:            0.000ns  (clk_fpga_0 rise@0.000ns - clk_fpga_0 rise@0.000ns)
  Data Path Delay:        0.537ns  (logic 0.227ns (42.309%)  route 0.310ns (57.691%))
  Logic Levels:           1  (LUT3=1)
  Clock Path Skew:        0.016ns (DCD - SCD - CPR)
    Destination Clock Delay (DCD):    1.202ns
    Source Clock Delay      (SCD):    0.904ns
    Clock Pessimism Removal (CPR):    0.282ns

    Location             Delay type                Incr(ns)  Path(ns)    Netlist Resource(s)
  -------------------------------------------------------------------    -------------------
                         (clock clk_fpga_0 rise edge)
                                                      0.000     0.000 r  
    PS7_X0Y0             PS7                          0.000     0.000 r  i_system_wrapper/system_i/sys_ps7/inst/PS7_i/FCLKCLK[0]
                         net (fo=1, routed)           0.310     0.310    i_system_wrapper/system_i/sys_ps7/inst/FCLK_CLK_unbuffered[0]
    BUFGCTRL_X0Y16       BUFG (Prop_bufg_I_O)         0.026     0.336 r  i_system_wrapper/system_i/sys_ps7/inst/buffer_fclk_clk_0.FCLK_CLK_0_BUFG/O
                         net (fo=4688, routed)        0.568     0.904    i_system_wrapper/system_i/axi_hdmi_interconnect/s00_couplers/auto_pc/inst/gen_axi4_axi3.axi3_conv_inst/USE_READ.USE_SPLIT_R.read_addr_inst/USE_R_CHANNEL.cmd_queue/inst/fifo_gen_inst/inst_fifo_gen/gconvfifo.rf/grf.rf/rstblk/ngwrdrst.grst.g7serrst.gnsckt_wrst.rst_wr_reg2_inst/dest_clk
    SLICE_X28Y69         FDPE                                         r  i_system_wrapper/system_i/axi_hdmi_interconnect/s00_couplers/auto_pc/inst/gen_axi4_axi3.axi3_conv_inst/USE_READ.USE_SPLIT_R.read_addr_inst/USE_R_CHANNEL.cmd_queue/inst/fifo_gen_inst/inst_fifo_gen/gconvfifo.rf/grf.rf/rstblk/ngwrdrst.grst.g7serrst.gnsckt_wrst.rst_wr_reg2_inst/arststages_ff_reg[1]/C
  -------------------------------------------------------------------    -------------------
    SLICE_X28Y69         FDPE (Prop_fdpe_C_Q)         0.128     1.032 f  i_system_wrapper/system_i/axi_hdmi_interconnect/s00_couplers/auto_pc/inst/gen_axi4_axi3.axi3_conv_inst/USE_READ.USE_SPLIT_R.read_addr_inst/USE_R_CHANNEL.cmd_queue/inst/fifo_gen_inst/inst_fifo_gen/gconvfifo.rf/grf.rf/rstblk/ngwrdrst.grst.g7serrst.gnsckt_wrst.rst_wr_reg2_inst/arststages_ff_reg[1]/Q
                         net (fo=2, routed)           0.118     1.149    i_system_wrapper/system_i/axi_hdmi_interconnect/s00_couplers/auto_pc/inst/gen_axi4_axi3.axi3_conv_inst/USE_READ.USE_SPLIT_R.read_addr_inst/USE_R_CHANNEL.cmd_queue/inst/fifo_gen_inst/inst_fifo_gen/gconvfifo.rf/grf.rf/rstblk/rst_wr_reg2
    SLICE_X29Y68         LUT3 (Prop_lut3_I2_O)        0.099     1.248 f  i_system_wrapper/system_i/axi_hdmi_interconnect/s00_couplers/auto_pc/inst/gen_axi4_axi3.axi3_conv_inst/USE_READ.USE_SPLIT_R.read_addr_inst/USE_R_CHANNEL.cmd_queue/inst/fifo_gen_inst/inst_fifo_gen/gconvfifo.rf/grf.rf/rstblk/gc0.count_d1[4]_i_2/O
                         net (fo=33, routed)          0.192     1.440    i_system_wrapper/system_i/axi_hdmi_interconnect/s00_couplers/auto_pc/inst/gen_axi4_axi3.axi3_conv_inst/USE_READ.USE_SPLIT_R.read_addr_inst/USE_R_CHANNEL.cmd_queue/inst/fifo_gen_inst/inst_fifo_gen/gconvfifo.rf/grf.rf/gntv_or_sync_fifo.gl0.rd/rpntr/ngwrdrst.grst.g7serrst.gnsckt_wrst.gcc_rst.sckt_wr_rst_cc_reg[1]
    SLICE_X30Y67         FDCE                                         f  i_system_wrapper/system_i/axi_hdmi_interconnect/s00_couplers/auto_pc/inst/gen_axi4_axi3.axi3_conv_inst/USE_READ.USE_SPLIT_R.read_addr_inst/USE_R_CHANNEL.cmd_queue/inst/fifo_gen_inst/inst_fifo_gen/gconvfifo.rf/grf.rf/gntv_or_sync_fifo.gl0.rd/rpntr/gc0.count_d1_reg[1]/CLR
  -------------------------------------------------------------------    -------------------

                         (clock clk_fpga_0 rise edge)
                                                      0.000     0.000 r  
    PS7_X0Y0             PS7                          0.000     0.000 r  i_system_wrapper/system_i/sys_ps7/inst/PS7_i/FCLKCLK[0]
                         net (fo=1, routed)           0.337     0.337    i_system_wrapper/system_i/sys_ps7/inst/FCLK_CLK_unbuffered[0]
    BUFGCTRL_X0Y16       BUFG (Prop_bufg_I_O)         0.029     0.366 r  i_system_wrapper/system_i/sys_ps7/inst/buffer_fclk_clk_0.FCLK_CLK_0_BUFG/O
                         net (fo=4688, routed)        0.836     1.202    i_system_wrapper/system_i/axi_hdmi_interconnect/s00_couplers/auto_pc/inst/gen_axi4_axi3.axi3_conv_inst/USE_READ.USE_SPLIT_R.read_addr_inst/USE_R_CHANNEL.cmd_queue/inst/fifo_gen_inst/inst_fifo_gen/gconvfifo.rf/grf.rf/gntv_or_sync_fifo.gl0.rd/rpntr/clk
    SLICE_X30Y67         FDCE                                         r  i_system_wrapper/system_i/axi_hdmi_interconnect/s00_couplers/auto_pc/inst/gen_axi4_axi3.axi3_conv_inst/USE_READ.USE_SPLIT_R.read_addr_inst/USE_R_CHANNEL.cmd_queue/inst/fifo_gen_inst/inst_fifo_gen/gconvfifo.rf/grf.rf/gntv_or_sync_fifo.gl0.rd/rpntr/gc0.count_d1_reg[1]/C
                         clock pessimism             -0.282     0.920    
    SLICE_X30Y67         FDCE (Remov_fdce_C_CLR)     -0.067     0.853    i_system_wrapper/system_i/axi_hdmi_interconnect/s00_couplers/auto_pc/inst/gen_axi4_axi3.axi3_conv_inst/USE_READ.USE_SPLIT_R.read_addr_inst/USE_R_CHANNEL.cmd_queue/inst/fifo_gen_inst/inst_fifo_gen/gconvfifo.rf/grf.rf/gntv_or_sync_fifo.gl0.rd/rpntr/gc0.count_d1_reg[1]
  -------------------------------------------------------------------
                         required time                         -0.853    
                         arrival time                           1.440    
  -------------------------------------------------------------------
                         slack                                  0.588    





